Copyright 1986-2019 Xilinx, Inc. All Rights Reserved.
-------------------------------------------------------------------------------------------------------------------------------------------------------------------------------------
| Tool Version     : Vivado v.2019.2 (lin64) Build 2708876 Wed Nov  6 21:39:14 MST 2019
| Date             : Thu Jan 16 20:59:07 2020
| Host             : parallels-Parallels-Virtual-Platform running 64-bit Ubuntu 18.04.3 LTS
| Command          : report_power -file snkrddl_blk_0_wrapper_power_routed.rpt -pb snkrddl_blk_0_wrapper_power_summary_routed.pb -rpx snkrddl_blk_0_wrapper_power_routed.rpx
| Design           : snkrddl_blk_0_wrapper
| Device           : xc7z020clg400-3
| Design State     : routed
| Grade            : extended
| Process          : typical
| Characterization : Production
-------------------------------------------------------------------------------------------------------------------------------------------------------------------------------------

Power Report

Table of Contents
-----------------
1. Summary
1.1 On-Chip Components
1.2 Power Supply Summary
1.3 Confidence Level
2. Settings
2.1 Environment
2.2 Clock Constraints
3. Detailed Reports
3.1 By Hierarchy

1. Summary
----------

+--------------------------+--------------+
| Total On-Chip Power (W)  | 1.385        |
| Design Power Budget (W)  | Unspecified* |
| Power Budget Margin (W)  | NA           |
| Dynamic (W)              | 1.251        |
| Device Static (W)        | 0.134        |
| Effective TJA (C/W)      | 11.5         |
| Max Ambient (C)          | 84.0         |
| Junction Temperature (C) | 41.0         |
| Confidence Level         | Medium       |
| Setting File             | ---          |
| Simulation Activity File | ---          |
| Design Nets Matched      | NA           |
+--------------------------+--------------+
* Specify Design Power Budget using, set_operating_conditions -design_power_budget <value in Watts>


1.1 On-Chip Components
----------------------

+-------------------------+-----------+----------+-----------+-----------------+
| On-Chip                 | Power (W) | Used     | Available | Utilization (%) |
+-------------------------+-----------+----------+-----------+-----------------+
| Clocks                  |     0.013 |       14 |       --- |             --- |
| Slice Logic             |    <0.001 |      657 |       --- |             --- |
|   LUT as Logic          |    <0.001 |      107 |     53200 |            0.20 |
|   Register              |    <0.001 |      330 |    106400 |            0.31 |
|   Others                |     0.000 |      199 |       --- |             --- |
|   LUT as Shift Register |     0.000 |        1 |     17400 |           <0.01 |
| Signals                 |     0.001 |      461 |       --- |             --- |
| I/O                     |     0.029 |       30 |       125 |           24.00 |
| PS7                     |     1.208 |        1 |       --- |             --- |
| Static Power            |     0.134 |          |           |                 |
| Total                   |     1.385 |          |           |                 |
+-------------------------+-----------+----------+-----------+-----------------+


1.2 Power Supply Summary
------------------------

+-----------+-------------+-----------+-------------+------------+
| Source    | Voltage (V) | Total (A) | Dynamic (A) | Static (A) |
+-----------+-------------+-----------+-------------+------------+
| Vccint    |       1.000 |     0.028 |       0.016 |      0.013 |
| Vccaux    |       1.800 |     0.021 |       0.007 |      0.014 |
| Vcco33    |       3.300 |     0.000 |       0.000 |      0.000 |
| Vcco25    |       2.500 |     0.000 |       0.000 |      0.000 |
| Vcco18    |       1.800 |     0.009 |       0.008 |      0.001 |
| Vcco15    |       1.500 |     0.000 |       0.000 |      0.000 |
| Vcco135   |       1.350 |     0.000 |       0.000 |      0.000 |
| Vcco12    |       1.200 |     0.000 |       0.000 |      0.000 |
| Vccaux_io |       1.800 |     0.000 |       0.000 |      0.000 |
| Vccbram   |       1.000 |     0.001 |       0.000 |      0.001 |
| MGTAVcc   |       1.000 |     0.000 |       0.000 |      0.000 |
| MGTAVtt   |       1.200 |     0.000 |       0.000 |      0.000 |
| MGTVccaux |       1.800 |     0.000 |       0.000 |      0.000 |
| Vccpint   |       1.000 |     0.919 |       0.892 |      0.027 |
| Vccpaux   |       1.800 |     0.079 |       0.069 |      0.010 |
| Vccpll    |       1.800 |     0.022 |       0.019 |      0.003 |
| Vcco_ddr  |       1.200 |     0.130 |       0.128 |      0.002 |
| Vcco_mio0 |       1.800 |     0.003 |       0.002 |      0.001 |
| Vcco_mio1 |       1.800 |     0.002 |       0.001 |      0.001 |
| Vccadc    |       1.800 |     0.020 |       0.000 |      0.020 |
+-----------+-------------+-----------+-------------+------------+


1.3 Confidence Level
--------------------

+-----------------------------+------------+-------------------------------------------------------+------------------------------------------------------------------------------------------------------------+
| User Input Data             | Confidence | Details                                               | Action                                                                                                     |
+-----------------------------+------------+-------------------------------------------------------+------------------------------------------------------------------------------------------------------------+
| Design implementation state | High       | Design is routed                                      |                                                                                                            |
| Clock nodes activity        | High       | User specified more than 95% of clocks                |                                                                                                            |
| I/O nodes activity          | Medium     | More than 5% of inputs are missing user specification | Provide missing input activity with simulation results or by editing the "By Resource Type -> I/Os" view   |
| Internal nodes activity     | Medium     | User specified less than 25% of internal nodes        | Provide missing internal nodes activity with simulation results or by editing the "By Resource Type" views |
| Device models               | High       | Device models are Production                          |                                                                                                            |
|                             |            |                                                       |                                                                                                            |
| Overall confidence level    | Medium     |                                                       |                                                                                                            |
+-----------------------------+------------+-------------------------------------------------------+------------------------------------------------------------------------------------------------------------+


2. Settings
-----------

2.1 Environment
---------------

+-----------------------+------------------------+
| Ambient Temp (C)      | 25.0                   |
| ThetaJA (C/W)         | 11.5                   |
| Airflow (LFM)         | 250                    |
| Heat Sink             | none                   |
| ThetaSA (C/W)         | 0.0                    |
| Board Selection       | medium (10"x10")       |
| # of Board Layers     | 8to11 (8 to 11 Layers) |
| Board Temperature (C) | 25.0                   |
+-----------------------+------------------------+


2.2 Clock Constraints
---------------------

+------------------+-----------------------------------------------------+-----------------+
| Clock            | Domain                                              | Constraint (ns) |
+------------------+-----------------------------------------------------+-----------------+
| clk_fpga_3       | snkrddl_blk_0_i/processing_system7_0/inst/FCLK_CLK3 |             5.0 |
| eth0_clk125      | ETH0_CLK125                                         |             8.0 |
| eth0_rgmii_rxclk | ETH0_RGMII_rxc                                      |             8.0 |
| eth1_clk125      | ETH1_CLK125                                         |             8.0 |
| eth1_rgmii_rxclk | ETH1_RGMII_rxc                                      |             8.0 |
+------------------+-----------------------------------------------------+-----------------+


3. Detailed Reports
-------------------

3.1 By Hierarchy
----------------

+--------------------------+-----------+
| Name                     | Power (W) |
+--------------------------+-----------+
| snkrddl_blk_0_wrapper    |     1.251 |
|   snkrddl_blk_0_i        |     1.249 |
|     gmii_to_rgmii_0      |     0.018 |
|       U0                 |     0.018 |
|     gmii_to_rgmii_1      |     0.017 |
|       U0                 |     0.017 |
|     proc_sys_reset_0     |     0.001 |
|       U0                 |     0.001 |
|     processing_system7_0 |     1.213 |
|       inst               |     1.213 |
+--------------------------+-----------+


