Copyright 1986-2019 Xilinx, Inc. All Rights Reserved.
---------------------------------------------------------------------------------------------------
| Tool Version : Vivado v.2019.2 (lin64) Build 2708876 Wed Nov  6 21:39:14 MST 2019
| Date         : Thu Jan 16 20:59:07 2020
| Host         : parallels-Parallels-Virtual-Platform running 64-bit Ubuntu 18.04.3 LTS
| Command      : report_clock_utilization -file snkrddl_blk_0_wrapper_clock_utilization_routed.rpt
| Design       : snkrddl_blk_0_wrapper
| Device       : 7z020-clg400
| Speed File   : -3  PRODUCTION 1.11 2014-09-11
| Design State : Routed
---------------------------------------------------------------------------------------------------

Clock Utilization Report

Table of Contents
-----------------
1. Clock Primitive Utilization
2. Global Clock Resources
3. Global Clock Source Details
4. Clock Regions: Key Resource Utilization
5. Clock Regions : Global Clock Summary
6. Device Cell Placement Summary for Global Clock g0
7. Device Cell Placement Summary for Global Clock g1
8. Device Cell Placement Summary for Global Clock g2
9. Device Cell Placement Summary for Global Clock g3
10. Device Cell Placement Summary for Global Clock g4
11. Device Cell Placement Summary for Global Clock g5
12. Clock Region Cell Placement per Global Clock: Region X1Y1
13. Clock Region Cell Placement per Global Clock: Region X0Y2
14. Clock Region Cell Placement per Global Clock: Region X1Y2

1. Clock Primitive Utilization
------------------------------

+----------+------+-----------+-----+--------------+--------+
| Type     | Used | Available | LOC | Clock Region | Pblock |
+----------+------+-----------+-----+--------------+--------+
| BUFGCTRL |    6 |        32 |   0 |            0 |      0 |
| BUFH     |    0 |        72 |   0 |            0 |      0 |
| BUFIO    |    2 |        16 |   2 |            0 |      0 |
| BUFMR    |    0 |         8 |   0 |            0 |      0 |
| BUFR     |    0 |        16 |   0 |            0 |      0 |
| MMCM     |    0 |         4 |   0 |            0 |      0 |
| PLL      |    0 |         4 |   0 |            0 |      0 |
+----------+------+-----------+-----+--------------+--------+


2. Global Clock Resources
-------------------------

+-----------+-----------+-----------------+------------+----------------+--------------+-------------------+-------------+-----------------+--------------+------------------+---------------------------------------------------------------------------------------------------------------------------------------------------+-------------------------------------------------------------------------------------------------------------------------------------------+
| Global Id | Source Id | Driver Type/Pin | Constraint | Site           | Clock Region | Load Clock Region | Clock Loads | Non-Clock Loads | Clock Period | Clock            | Driver Pin                                                                                                                                        | Net                                                                                                                                       |
+-----------+-----------+-----------------+------------+----------------+--------------+-------------------+-------------+-----------------+--------------+------------------+---------------------------------------------------------------------------------------------------------------------------------------------------+-------------------------------------------------------------------------------------------------------------------------------------------+
| g0        | src0      | BUFG/O          | None       | BUFGCTRL_X0Y16 | n/a          |                 2 |         194 |               0 |        5.000 | clk_fpga_3       | snkrddl_blk_0_i/gmii_to_rgmii_0/U0/i_snkrddl_blk_0_gmii_to_rgmii_0_0_clocking/i_bufg_clk_in/O                                                     | snkrddl_blk_0_i/gmii_to_rgmii_0/U0/i_snkrddl_blk_0_gmii_to_rgmii_0_0_clocking/clkin_out                                                   |
| g1        | src0      | BUFG/O          | None       | BUFGCTRL_X0Y19 | n/a          |                 2 |          36 |               0 |        5.000 | clk_fpga_3       | snkrddl_blk_0_i/processing_system7_0/inst/FCLK_CLK3_BUFG_inst/O                                                                                   | snkrddl_blk_0_i/processing_system7_0/inst/FCLK_CLK3_BUFG                                                                                  |
| g2        | src1      | BUFG/O          | None       | BUFGCTRL_X0Y17 | n/a          |                 3 |          47 |               0 |        8.000 | eth0_clk125      | ETH0_CLK125_IBUF_BUFG_inst/O                                                                                                                      | ETH0_CLK125_IBUF_BUFG                                                                                                                     |
| g3        | src2      | BUFG/O          | None       | BUFGCTRL_X0Y18 | n/a          |                 3 |          47 |               0 |        8.000 | eth1_clk125      | ETH1_CLK125_IBUF_BUFG_inst/O                                                                                                                      | ETH1_CLK125_IBUF_BUFG                                                                                                                     |
| g4        | src3      | BUFG/O          | None       | BUFGCTRL_X0Y20 | n/a          |                 3 |          13 |               0 |        8.000 | eth0_rgmii_rxclk | snkrddl_blk_0_i/gmii_to_rgmii_0/U0/i_gmii_to_rgmii_block/snkrddl_blk_0_gmii_to_rgmii_0_0_core/i_gmii_to_rgmii/i_gmii_to_rgmii/bufg_rgmii_rx_clk/O | snkrddl_blk_0_i/gmii_to_rgmii_0/U0/i_gmii_to_rgmii_block/snkrddl_blk_0_gmii_to_rgmii_0_0_core/i_gmii_to_rgmii/i_gmii_to_rgmii/rgmii_rxc_0 |
| g5        | src4      | BUFG/O          | None       | BUFGCTRL_X0Y21 | n/a          |                 3 |          13 |               0 |        8.000 | eth1_rgmii_rxclk | snkrddl_blk_0_i/gmii_to_rgmii_1/U0/snkrddl_blk_0_gmii_to_rgmii_1_0_core/i_gmii_to_rgmii/i_gmii_to_rgmii/bufg_rgmii_rx_clk/O                       | snkrddl_blk_0_i/gmii_to_rgmii_1/U0/snkrddl_blk_0_gmii_to_rgmii_1_0_core/i_gmii_to_rgmii/i_gmii_to_rgmii/rgmii_rxc_0                       |
+-----------+-----------+-----------------+------------+----------------+--------------+-------------------+-------------+-----------------+--------------+------------------+---------------------------------------------------------------------------------------------------------------------------------------------------+-------------------------------------------------------------------------------------------------------------------------------------------+
* Clock Loads column represents the clock pin loads (pin count)
** Non-Clock Loads column represents the non-clock pin loads (pin count)


3. Global Clock Source Details
------------------------------

+-----------+-----------+-----------------+------------+------------+--------------+-------------+-----------------+---------------------+------------------+-----------------------------------------------------------------------------+-------------------------------------------------------------------------+
| Source Id | Global Id | Driver Type/Pin | Constraint | Site       | Clock Region | Clock Loads | Non-Clock Loads | Source Clock Period | Source Clock     | Driver Pin                                                                  | Net                                                                     |
+-----------+-----------+-----------------+------------+------------+--------------+-------------+-----------------+---------------------+------------------+-----------------------------------------------------------------------------+-------------------------------------------------------------------------+
| src0      | g0, g1    | PS7/FCLKCLK[3]  | PS7_X0Y0   | PS7_X0Y0   | X0Y2         |           2 |               0 |               5.000 | clk_fpga_3       | snkrddl_blk_0_i/processing_system7_0/inst/PS7_i/FCLKCLK[3]                  | snkrddl_blk_0_i/processing_system7_0/inst/FCLK_CLK3                     |
| src1      | g2        | IBUF/O          | IOB_X1Y128 | IOB_X1Y128 | X1Y2         |           1 |               0 |               8.000 | eth0_clk125      | ETH0_CLK125_IBUF_inst/O                                                     | ETH0_CLK125_IBUF                                                        |
| src2      | g3        | IBUF/O          | IOB_X1Y126 | IOB_X1Y126 | X1Y2         |           1 |               0 |               8.000 | eth1_clk125      | ETH1_CLK125_IBUF_inst/O                                                     | ETH1_CLK125_IBUF                                                        |
| src3      | g4,       | IBUF/O          | IOB_X1Y76  | IOB_X1Y76  | X1Y1         |           2 |               0 |               8.000 | eth0_rgmii_rxclk | snkrddl_blk_0_i/gmii_to_rgmii_0/U0/i_gmii_to_rgmii_block/rgmii_rxc_ibuf_i/O | snkrddl_blk_0_i/gmii_to_rgmii_0/U0/i_gmii_to_rgmii_block/rgmii_rxc_ibuf |
| src4      | g5,       | IBUF/O          | IOB_X1Y78  | IOB_X1Y78  | X1Y1         |           2 |               0 |               8.000 | eth1_rgmii_rxclk | snkrddl_blk_0_i/gmii_to_rgmii_1/U0/rgmii_rxc_ibuf_i/O                       | snkrddl_blk_0_i/gmii_to_rgmii_1/U0/rgmii_rxc_ibuf                       |
+-----------+-----------+-----------------+------------+------------+--------------+-------------+-----------------+---------------------+------------------+-----------------------------------------------------------------------------+-------------------------------------------------------------------------+
* Clock Loads column represents the clock pin loads (pin count)
** Non-Clock Loads column represents the non-clock pin loads (pin count)


4. Clock Regions: Key Resource Utilization
------------------------------------------

+-------------------+--------------+--------------+--------------+--------------+--------------+--------------+--------------+--------------+--------------+--------------+--------------+--------------+--------------+--------------+--------------+
|                   | Global Clock |     BUFRs    |    BUFMRs    |    BUFIOs    |     MMCM     |      PLL     |      GT      |      PCI     |    ILOGIC    |    OLOGIC    |      FF      |     LUTM     |    RAMB18    |    RAMB36    |    DSP48E2   |
+-------------------+------+-------+------+-------+------+-------+------+-------+------+-------+------+-------+------+-------+------+-------+------+-------+------+-------+------+-------+------+-------+------+-------+------+-------+------+-------+
| Clock Region Name | Used | Avail | Used | Avail | Used | Avail | Used | Avail | Used | Avail | Used | Avail | Used | Avail | Used | Avail | Used | Avail | Used | Avail | Used | Avail | Used | Avail | Used | Avail | Used | Avail | Used | Avail |
+-------------------+------+-------+------+-------+------+-------+------+-------+------+-------+------+-------+------+-------+------+-------+------+-------+------+-------+------+-------+------+-------+------+-------+------+-------+------+-------+
| X0Y0              |    0 |    12 |    0 |     4 |    0 |     2 |    0 |     4 |    0 |     1 |    0 |     1 |    0 |     0 |    0 |     0 |    0 |    50 |    0 |    50 |    0 |  2500 |    0 |  1000 |    0 |    60 |    0 |    30 |    0 |    60 |
| X1Y0              |    0 |    12 |    0 |     4 |    0 |     2 |    0 |     4 |    0 |     1 |    0 |     1 |    0 |     0 |    0 |     0 |    0 |    50 |    0 |    50 |    0 |  3200 |    0 |   850 |    0 |    60 |    0 |    30 |    0 |    40 |
| X0Y1              |    0 |    12 |    0 |     0 |    0 |     0 |    0 |     0 |    0 |     0 |    0 |     0 |    0 |     0 |    0 |     0 |    0 |     0 |    0 |     0 |    0 |  1200 |    0 |   400 |    0 |    20 |    0 |    10 |    0 |    20 |
| X1Y1              |    8 |    12 |    0 |     4 |    0 |     2 |    2 |     4 |    0 |     1 |    0 |     1 |    0 |     0 |    0 |     0 |   10 |    50 |   12 |    50 |  206 |  2600 |   70 |   850 |    0 |    60 |    0 |    30 |    0 |    40 |
| X0Y2              |    5 |    12 |    0 |     0 |    0 |     0 |    0 |     0 |    0 |     0 |    0 |     0 |    0 |     0 |    0 |     0 |    0 |     0 |    0 |     0 |    0 |  1200 |    0 |   400 |    0 |    20 |    0 |    10 |    0 |    20 |
| X1Y2              |    5 |    12 |    0 |     4 |    0 |     2 |    0 |     4 |    0 |     1 |    0 |     1 |    0 |     0 |    0 |     0 |    0 |    50 |    0 |    50 |  124 |  2600 |   33 |   850 |    0 |    60 |    0 |    30 |    0 |    40 |
+-------------------+------+-------+------+-------+------+-------+------+-------+------+-------+------+-------+------+-------+------+-------+------+-------+------+-------+------+-------+------+-------+------+-------+------+-------+------+-------+
* Global Clock column represents track count; while other columns represents cell counts


5. Clock Regions : Global Clock Summary
---------------------------------------

All Modules
+----+----+----+
|    | X0 | X1 |
+----+----+----+
| Y2 |  5 |  5 |
| Y1 |  0 |  8 |
| Y0 |  0 |  0 |
+----+----+----+


6. Device Cell Placement Summary for Global Clock g0
----------------------------------------------------

+-----------+-----------------+-------------------+------------+-------------+---------------+-------------+----------+----------------+----------+-----------------------------------------------------------------------------------------+
| Global Id | Driver Type/Pin | Driver Region (D) | Clock      | Period (ns) | Waveform (ns) | Slice Loads | IO Loads | Clocking Loads | GT Loads | Net                                                                                     |
+-----------+-----------------+-------------------+------------+-------------+---------------+-------------+----------+----------------+----------+-----------------------------------------------------------------------------------------+
| g0        | BUFG/O          | n/a               | clk_fpga_3 |       5.000 | {0.000 2.500} |         194 |        0 |              0 |        0 | snkrddl_blk_0_i/gmii_to_rgmii_0/U0/i_snkrddl_blk_0_gmii_to_rgmii_0_0_clocking/clkin_out |
+-----------+-----------------+-------------------+------------+-------------+---------------+-------------+----------+----------------+----------+-----------------------------------------------------------------------------------------+
* Slice Loads column represents load cell count of all cell types other than IO, GT and clock resources
** IO Loads column represents load cell count of IO types
*** Clocking Loads column represents load cell count that are clock resources (global clock buffer, MMCM, PLL, etc)
**** GT Loads column represents load cell count of GT types


+----+----+------+
|    | X0 | X1   |
+----+----+------+
| Y2 |  0 |   88 |
| Y1 |  0 |  106 |
| Y0 |  0 |    0 |
+----+----+------+


7. Device Cell Placement Summary for Global Clock g1
----------------------------------------------------

+-----------+-----------------+-------------------+------------+-------------+---------------+-------------+----------+----------------+----------+----------------------------------------------------------+
| Global Id | Driver Type/Pin | Driver Region (D) | Clock      | Period (ns) | Waveform (ns) | Slice Loads | IO Loads | Clocking Loads | GT Loads | Net                                                      |
+-----------+-----------------+-------------------+------------+-------------+---------------+-------------+----------+----------------+----------+----------------------------------------------------------+
| g1        | BUFG/O          | n/a               | clk_fpga_3 |       5.000 | {0.000 2.500} |          35 |        0 |              0 |        0 | snkrddl_blk_0_i/processing_system7_0/inst/FCLK_CLK3_BUFG |
+-----------+-----------------+-------------------+------------+-------------+---------------+-------------+----------+----------------+----------+----------------------------------------------------------+
* Slice Loads column represents load cell count of all cell types other than IO, GT and clock resources
** IO Loads column represents load cell count of IO types
*** Clocking Loads column represents load cell count that are clock resources (global clock buffer, MMCM, PLL, etc)
**** GT Loads column represents load cell count of GT types


+----+----+-----+
|    | X0 | X1  |
+----+----+-----+
| Y2 |  1 |   0 |
| Y1 |  0 |  34 |
| Y0 |  0 |   0 |
+----+----+-----+


8. Device Cell Placement Summary for Global Clock g2
----------------------------------------------------

+-----------+-----------------+-------------------+-------------+-------------+---------------+-------------+----------+----------------+----------+-----------------------+
| Global Id | Driver Type/Pin | Driver Region (D) | Clock       | Period (ns) | Waveform (ns) | Slice Loads | IO Loads | Clocking Loads | GT Loads | Net                   |
+-----------+-----------------+-------------------+-------------+-------------+---------------+-------------+----------+----------------+----------+-----------------------+
| g2        | BUFG/O          | n/a               | eth0_clk125 |       8.000 | {0.000 4.000} |          47 |        0 |              0 |        0 | ETH0_CLK125_IBUF_BUFG |
+-----------+-----------------+-------------------+-------------+-------------+---------------+-------------+----------+----------------+----------+-----------------------+
* Slice Loads column represents load cell count of all cell types other than IO, GT and clock resources
** IO Loads column represents load cell count of IO types
*** Clocking Loads column represents load cell count that are clock resources (global clock buffer, MMCM, PLL, etc)
**** GT Loads column represents load cell count of GT types


+----+----+-----+
|    | X0 | X1  |
+----+----+-----+
| Y2 |  1 |  10 |
| Y1 |  0 |  36 |
| Y0 |  0 |   0 |
+----+----+-----+


9. Device Cell Placement Summary for Global Clock g3
----------------------------------------------------

+-----------+-----------------+-------------------+-------------+-------------+---------------+-------------+----------+----------------+----------+-----------------------+
| Global Id | Driver Type/Pin | Driver Region (D) | Clock       | Period (ns) | Waveform (ns) | Slice Loads | IO Loads | Clocking Loads | GT Loads | Net                   |
+-----------+-----------------+-------------------+-------------+-------------+---------------+-------------+----------+----------------+----------+-----------------------+
| g3        | BUFG/O          | n/a               | eth1_clk125 |       8.000 | {0.000 4.000} |          47 |        0 |              0 |        0 | ETH1_CLK125_IBUF_BUFG |
+-----------+-----------------+-------------------+-------------+-------------+---------------+-------------+----------+----------------+----------+-----------------------+
* Slice Loads column represents load cell count of all cell types other than IO, GT and clock resources
** IO Loads column represents load cell count of IO types
*** Clocking Loads column represents load cell count that are clock resources (global clock buffer, MMCM, PLL, etc)
**** GT Loads column represents load cell count of GT types


+----+----+-----+
|    | X0 | X1  |
+----+----+-----+
| Y2 |  1 |  10 |
| Y1 |  0 |  36 |
| Y0 |  0 |   0 |
+----+----+-----+


10. Device Cell Placement Summary for Global Clock g4
-----------------------------------------------------

+-----------+-----------------+-------------------+------------------+-------------+---------------+-------------+----------+----------------+----------+-------------------------------------------------------------------------------------------------------------------------------------------+
| Global Id | Driver Type/Pin | Driver Region (D) | Clock            | Period (ns) | Waveform (ns) | Slice Loads | IO Loads | Clocking Loads | GT Loads | Net                                                                                                                                       |
+-----------+-----------------+-------------------+------------------+-------------+---------------+-------------+----------+----------------+----------+-------------------------------------------------------------------------------------------------------------------------------------------+
| g4        | BUFG/O          | n/a               | eth0_rgmii_rxclk |       8.000 | {0.000 4.000} |          13 |        0 |              0 |        0 | snkrddl_blk_0_i/gmii_to_rgmii_0/U0/i_gmii_to_rgmii_block/snkrddl_blk_0_gmii_to_rgmii_0_0_core/i_gmii_to_rgmii/i_gmii_to_rgmii/rgmii_rxc_0 |
+-----------+-----------------+-------------------+------------------+-------------+---------------+-------------+----------+----------------+----------+-------------------------------------------------------------------------------------------------------------------------------------------+
* Slice Loads column represents load cell count of all cell types other than IO, GT and clock resources
** IO Loads column represents load cell count of IO types
*** Clocking Loads column represents load cell count that are clock resources (global clock buffer, MMCM, PLL, etc)
**** GT Loads column represents load cell count of GT types


+----+----+----+
|    | X0 | X1 |
+----+----+----+
| Y2 |  1 |  6 |
| Y1 |  0 |  6 |
| Y0 |  0 |  0 |
+----+----+----+


11. Device Cell Placement Summary for Global Clock g5
-----------------------------------------------------

+-----------+-----------------+-------------------+------------------+-------------+---------------+-------------+----------+----------------+----------+---------------------------------------------------------------------------------------------------------------------+
| Global Id | Driver Type/Pin | Driver Region (D) | Clock            | Period (ns) | Waveform (ns) | Slice Loads | IO Loads | Clocking Loads | GT Loads | Net                                                                                                                 |
+-----------+-----------------+-------------------+------------------+-------------+---------------+-------------+----------+----------------+----------+---------------------------------------------------------------------------------------------------------------------+
| g5        | BUFG/O          | n/a               | eth1_rgmii_rxclk |       8.000 | {0.000 4.000} |          13 |        0 |              0 |        0 | snkrddl_blk_0_i/gmii_to_rgmii_1/U0/snkrddl_blk_0_gmii_to_rgmii_1_0_core/i_gmii_to_rgmii/i_gmii_to_rgmii/rgmii_rxc_0 |
+-----------+-----------------+-------------------+------------------+-------------+---------------+-------------+----------+----------------+----------+---------------------------------------------------------------------------------------------------------------------+
* Slice Loads column represents load cell count of all cell types other than IO, GT and clock resources
** IO Loads column represents load cell count of IO types
*** Clocking Loads column represents load cell count that are clock resources (global clock buffer, MMCM, PLL, etc)
**** GT Loads column represents load cell count of GT types


+----+----+-----+
|    | X0 | X1  |
+----+----+-----+
| Y2 |  1 |  10 |
| Y1 |  0 |   2 |
| Y0 |  0 |   0 |
+----+----+-----+


12. Clock Region Cell Placement per Global Clock: Region X1Y1
-------------------------------------------------------------

+-----------+-------+-----------------+------------+-------------+-----------------+-----+--------+------+-----+----+------+-----+---------+-------------------------------------------------------------------------------------------------------------------------------------------+
| Global Id | Track | Driver Type/Pin | Constraint | Clock Loads | Non-Clock Loads | FF  | LUTRAM | RAMB | DSP | GT | MMCM | PLL | Hard IP | Net                                                                                                                                       |
+-----------+-------+-----------------+------------+-------------+-----------------+-----+--------+------+-----+----+------+-----+---------+-------------------------------------------------------------------------------------------------------------------------------------------+
| g0        | n/a   | BUFG/O          | None       |         106 |               0 | 105 |      0 |    0 |   0 |  0 |    0 |   0 |       0 | snkrddl_blk_0_i/gmii_to_rgmii_0/U0/i_snkrddl_blk_0_gmii_to_rgmii_0_0_clocking/clkin_out                                                   |
| g2        | n/a   | BUFG/O          | None       |          36 |               0 |  30 |      0 |    0 |   0 |  0 |    0 |   0 |       0 | ETH0_CLK125_IBUF_BUFG                                                                                                                     |
| g3        | n/a   | BUFG/O          | None       |          36 |               0 |  30 |      0 |    0 |   0 |  0 |    0 |   0 |       0 | ETH1_CLK125_IBUF_BUFG                                                                                                                     |
| g1        | n/a   | BUFG/O          | None       |          34 |               0 |  33 |      1 |    0 |   0 |  0 |    0 |   0 |       0 | snkrddl_blk_0_i/processing_system7_0/inst/FCLK_CLK3_BUFG                                                                                  |
| g4        | n/a   | BUFG/O          | None       |           6 |               0 |   6 |      0 |    0 |   0 |  0 |    0 |   0 |       0 | snkrddl_blk_0_i/gmii_to_rgmii_0/U0/i_gmii_to_rgmii_block/snkrddl_blk_0_gmii_to_rgmii_0_0_core/i_gmii_to_rgmii/i_gmii_to_rgmii/rgmii_rxc_0 |
| g5        | n/a   | BUFG/O          | None       |           2 |               0 |   2 |      0 |    0 |   0 |  0 |    0 |   0 |       0 | snkrddl_blk_0_i/gmii_to_rgmii_1/U0/snkrddl_blk_0_gmii_to_rgmii_1_0_core/i_gmii_to_rgmii/i_gmii_to_rgmii/rgmii_rxc_0                       |
+-----------+-------+-----------------+------------+-------------+-----------------+-----+--------+------+-----+----+------+-----+---------+-------------------------------------------------------------------------------------------------------------------------------------------+
* Clock Loads column represents the clock pin loads (pin count)
** Non-Clock Loads column represents the non-clock pin loads (pin count)
*** Columns FF, LUTRAM, RAMB through 'Hard IP' represents load cell counts


13. Clock Region Cell Placement per Global Clock: Region X0Y2
-------------------------------------------------------------

+-----------+-------+-----------------+------------+-------------+-----------------+----+--------+------+-----+----+------+-----+---------+-------------------------------------------------------------------------------------------------------------------------------------------+
| Global Id | Track | Driver Type/Pin | Constraint | Clock Loads | Non-Clock Loads | FF | LUTRAM | RAMB | DSP | GT | MMCM | PLL | Hard IP | Net                                                                                                                                       |
+-----------+-------+-----------------+------------+-------------+-----------------+----+--------+------+-----+----+------+-----+---------+-------------------------------------------------------------------------------------------------------------------------------------------+
| g2        | n/a   | BUFG/O          | None       |           1 |               0 |  0 |      0 |    0 |   0 |  0 |    0 |   0 |       0 | ETH0_CLK125_IBUF_BUFG                                                                                                                     |
| g3        | n/a   | BUFG/O          | None       |           1 |               0 |  0 |      0 |    0 |   0 |  0 |    0 |   0 |       0 | ETH1_CLK125_IBUF_BUFG                                                                                                                     |
| g1        | n/a   | BUFG/O          | None       |           1 |               0 |  0 |      0 |    0 |   0 |  0 |    0 |   0 |       0 | snkrddl_blk_0_i/processing_system7_0/inst/FCLK_CLK3_BUFG                                                                                  |
| g4        | n/a   | BUFG/O          | None       |           1 |               0 |  0 |      0 |    0 |   0 |  0 |    0 |   0 |       0 | snkrddl_blk_0_i/gmii_to_rgmii_0/U0/i_gmii_to_rgmii_block/snkrddl_blk_0_gmii_to_rgmii_0_0_core/i_gmii_to_rgmii/i_gmii_to_rgmii/rgmii_rxc_0 |
| g5        | n/a   | BUFG/O          | None       |           1 |               0 |  0 |      0 |    0 |   0 |  0 |    0 |   0 |       0 | snkrddl_blk_0_i/gmii_to_rgmii_1/U0/snkrddl_blk_0_gmii_to_rgmii_1_0_core/i_gmii_to_rgmii/i_gmii_to_rgmii/rgmii_rxc_0                       |
+-----------+-------+-----------------+------------+-------------+-----------------+----+--------+------+-----+----+------+-----+---------+-------------------------------------------------------------------------------------------------------------------------------------------+
* Clock Loads column represents the clock pin loads (pin count)
** Non-Clock Loads column represents the non-clock pin loads (pin count)
*** Columns FF, LUTRAM, RAMB through 'Hard IP' represents load cell counts


14. Clock Region Cell Placement per Global Clock: Region X1Y2
-------------------------------------------------------------

+-----------+-------+-----------------+------------+-------------+-----------------+----+--------+------+-----+----+------+-----+---------+-------------------------------------------------------------------------------------------------------------------------------------------+
| Global Id | Track | Driver Type/Pin | Constraint | Clock Loads | Non-Clock Loads | FF | LUTRAM | RAMB | DSP | GT | MMCM | PLL | Hard IP | Net                                                                                                                                       |
+-----------+-------+-----------------+------------+-------------+-----------------+----+--------+------+-----+----+------+-----+---------+-------------------------------------------------------------------------------------------------------------------------------------------+
| g0        | n/a   | BUFG/O          | None       |          88 |               0 | 88 |      0 |    0 |   0 |  0 |    0 |   0 |       0 | snkrddl_blk_0_i/gmii_to_rgmii_0/U0/i_snkrddl_blk_0_gmii_to_rgmii_0_0_clocking/clkin_out                                                   |
| g2        | n/a   | BUFG/O          | None       |          10 |               0 | 10 |      0 |    0 |   0 |  0 |    0 |   0 |       0 | ETH0_CLK125_IBUF_BUFG                                                                                                                     |
| g3        | n/a   | BUFG/O          | None       |          10 |               0 | 10 |      0 |    0 |   0 |  0 |    0 |   0 |       0 | ETH1_CLK125_IBUF_BUFG                                                                                                                     |
| g4        | n/a   | BUFG/O          | None       |           6 |               0 |  6 |      0 |    0 |   0 |  0 |    0 |   0 |       0 | snkrddl_blk_0_i/gmii_to_rgmii_0/U0/i_gmii_to_rgmii_block/snkrddl_blk_0_gmii_to_rgmii_0_0_core/i_gmii_to_rgmii/i_gmii_to_rgmii/rgmii_rxc_0 |
| g5        | n/a   | BUFG/O          | None       |          10 |               0 | 10 |      0 |    0 |   0 |  0 |    0 |   0 |       0 | snkrddl_blk_0_i/gmii_to_rgmii_1/U0/snkrddl_blk_0_gmii_to_rgmii_1_0_core/i_gmii_to_rgmii/i_gmii_to_rgmii/rgmii_rxc_0                       |
+-----------+-------+-----------------+------------+-------------+-----------------+----+--------+------+-----+----+------+-----+---------+-------------------------------------------------------------------------------------------------------------------------------------------+
* Clock Loads column represents the clock pin loads (pin count)
** Non-Clock Loads column represents the non-clock pin loads (pin count)
*** Columns FF, LUTRAM, RAMB through 'Hard IP' represents load cell counts



# Location of BUFG Primitives 
set_property LOC BUFGCTRL_X0Y19 [get_cells snkrddl_blk_0_i/processing_system7_0/inst/FCLK_CLK3_BUFG_inst]
set_property LOC BUFGCTRL_X0Y21 [get_cells snkrddl_blk_0_i/gmii_to_rgmii_1/U0/snkrddl_blk_0_gmii_to_rgmii_1_0_core/i_gmii_to_rgmii/i_gmii_to_rgmii/bufg_rgmii_rx_clk]
set_property LOC BUFGCTRL_X0Y16 [get_cells snkrddl_blk_0_i/gmii_to_rgmii_0/U0/i_snkrddl_blk_0_gmii_to_rgmii_0_0_clocking/i_bufg_clk_in]
set_property LOC BUFGCTRL_X0Y20 [get_cells snkrddl_blk_0_i/gmii_to_rgmii_0/U0/i_gmii_to_rgmii_block/snkrddl_blk_0_gmii_to_rgmii_0_0_core/i_gmii_to_rgmii/i_gmii_to_rgmii/bufg_rgmii_rx_clk]
set_property LOC BUFGCTRL_X0Y18 [get_cells ETH1_CLK125_IBUF_BUFG_inst]
set_property LOC BUFGCTRL_X0Y17 [get_cells ETH0_CLK125_IBUF_BUFG_inst]

# Location of BUFIO Primitives 
set_property LOC BUFIO_X1Y7 [get_cells snkrddl_blk_0_i/gmii_to_rgmii_1/U0/snkrddl_blk_0_gmii_to_rgmii_1_0_core/i_gmii_to_rgmii/i_gmii_to_rgmii/bufio_rgmii_rx_clk]
set_property LOC BUFIO_X1Y6 [get_cells snkrddl_blk_0_i/gmii_to_rgmii_0/U0/i_gmii_to_rgmii_block/snkrddl_blk_0_gmii_to_rgmii_0_0_core/i_gmii_to_rgmii/i_gmii_to_rgmii/bufio_rgmii_rx_clk]

# Location of IO Primitives which is load of clock spine

# Location of clock ports
set_property LOC IOB_X1Y128 [get_ports ETH0_CLK125]
set_property LOC IOB_X1Y76 [get_ports ETH0_RGMII_rxc]
set_property LOC IOB_X1Y126 [get_ports ETH1_CLK125]
set_property LOC IOB_X1Y78 [get_ports ETH1_RGMII_rxc]

# Clock net "snkrddl_blk_0_i/processing_system7_0/inst/FCLK_CLK3_BUFG" driven by instance "snkrddl_blk_0_i/processing_system7_0/inst/FCLK_CLK3_BUFG_inst" located at site "BUFGCTRL_X0Y19"
#startgroup
create_pblock {CLKAG_snkrddl_blk_0_i/processing_system7_0/inst/FCLK_CLK3_BUFG}
add_cells_to_pblock [get_pblocks  {CLKAG_snkrddl_blk_0_i/processing_system7_0/inst/FCLK_CLK3_BUFG}] [get_cells -filter { PRIMITIVE_GROUP != I/O && IS_PRIMITIVE==1 && PRIMITIVE_LEVEL !=INTERNAL } -of_object [get_pins -filter {DIRECTION==IN} -of_objects [get_nets -hierarchical -filter {PARENT=="snkrddl_blk_0_i/processing_system7_0/inst/FCLK_CLK3_BUFG"}]]]
resize_pblock [get_pblocks {CLKAG_snkrddl_blk_0_i/processing_system7_0/inst/FCLK_CLK3_BUFG}] -add {CLOCKREGION_X0Y2:CLOCKREGION_X0Y2 CLOCKREGION_X1Y1:CLOCKREGION_X1Y1}
#endgroup

# Clock net "snkrddl_blk_0_i/gmii_to_rgmii_1/U0/snkrddl_blk_0_gmii_to_rgmii_1_0_core/i_gmii_to_rgmii/i_gmii_to_rgmii/rgmii_rxc_0" driven by instance "snkrddl_blk_0_i/gmii_to_rgmii_1/U0/snkrddl_blk_0_gmii_to_rgmii_1_0_core/i_gmii_to_rgmii/i_gmii_to_rgmii/bufg_rgmii_rx_clk" located at site "BUFGCTRL_X0Y21"
#startgroup
create_pblock {CLKAG_snkrddl_blk_0_i/gmii_to_rgmii_1/U0/snkrddl_blk_0_gmii_to_rgmii_1_0_core/i_gmii_to_rgmii/i_gmii_to_rgmii/rgmii_rxc_0}
add_cells_to_pblock [get_pblocks  {CLKAG_snkrddl_blk_0_i/gmii_to_rgmii_1/U0/snkrddl_blk_0_gmii_to_rgmii_1_0_core/i_gmii_to_rgmii/i_gmii_to_rgmii/rgmii_rxc_0}] [get_cells -filter { PRIMITIVE_GROUP != I/O && IS_PRIMITIVE==1 && PRIMITIVE_LEVEL !=INTERNAL } -of_object [get_pins -filter {DIRECTION==IN} -of_objects [get_nets -hierarchical -filter {PARENT=="snkrddl_blk_0_i/gmii_to_rgmii_1/U0/snkrddl_blk_0_gmii_to_rgmii_1_0_core/i_gmii_to_rgmii/i_gmii_to_rgmii/rgmii_rxc_0"}]]]
resize_pblock [get_pblocks {CLKAG_snkrddl_blk_0_i/gmii_to_rgmii_1/U0/snkrddl_blk_0_gmii_to_rgmii_1_0_core/i_gmii_to_rgmii/i_gmii_to_rgmii/rgmii_rxc_0}] -add {CLOCKREGION_X0Y2:CLOCKREGION_X0Y2 CLOCKREGION_X1Y1:CLOCKREGION_X1Y1 CLOCKREGION_X1Y2:CLOCKREGION_X1Y2}
#endgroup

# Clock net "snkrddl_blk_0_i/gmii_to_rgmii_0/U0/i_snkrddl_blk_0_gmii_to_rgmii_0_0_clocking/clkin_out" driven by instance "snkrddl_blk_0_i/gmii_to_rgmii_0/U0/i_snkrddl_blk_0_gmii_to_rgmii_0_0_clocking/i_bufg_clk_in" located at site "BUFGCTRL_X0Y16"
#startgroup
create_pblock {CLKAG_snkrddl_blk_0_i/gmii_to_rgmii_0/U0/i_snkrddl_blk_0_gmii_to_rgmii_0_0_clocking/clkin_out}
add_cells_to_pblock [get_pblocks  {CLKAG_snkrddl_blk_0_i/gmii_to_rgmii_0/U0/i_snkrddl_blk_0_gmii_to_rgmii_0_0_clocking/clkin_out}] [get_cells -filter { PRIMITIVE_GROUP != I/O && IS_PRIMITIVE==1 && PRIMITIVE_LEVEL !=INTERNAL } -of_object [get_pins -filter {DIRECTION==IN} -of_objects [get_nets -hierarchical -filter {PARENT=="snkrddl_blk_0_i/gmii_to_rgmii_0/U0/i_snkrddl_blk_0_gmii_to_rgmii_0_0_clocking/clkin_out"}]]]
resize_pblock [get_pblocks {CLKAG_snkrddl_blk_0_i/gmii_to_rgmii_0/U0/i_snkrddl_blk_0_gmii_to_rgmii_0_0_clocking/clkin_out}] -add {CLOCKREGION_X1Y1:CLOCKREGION_X1Y1 CLOCKREGION_X1Y2:CLOCKREGION_X1Y2}
#endgroup

# Clock net "snkrddl_blk_0_i/gmii_to_rgmii_0/U0/i_gmii_to_rgmii_block/snkrddl_blk_0_gmii_to_rgmii_0_0_core/i_gmii_to_rgmii/i_gmii_to_rgmii/rgmii_rxc_0" driven by instance "snkrddl_blk_0_i/gmii_to_rgmii_0/U0/i_gmii_to_rgmii_block/snkrddl_blk_0_gmii_to_rgmii_0_0_core/i_gmii_to_rgmii/i_gmii_to_rgmii/bufg_rgmii_rx_clk" located at site "BUFGCTRL_X0Y20"
#startgroup
create_pblock {CLKAG_snkrddl_blk_0_i/gmii_to_rgmii_0/U0/i_gmii_to_rgmii_block/snkrddl_blk_0_gmii_to_rgmii_0_0_core/i_gmii_to_rgmii/i_gmii_to_rgmii/rgmii_rxc_0}
add_cells_to_pblock [get_pblocks  {CLKAG_snkrddl_blk_0_i/gmii_to_rgmii_0/U0/i_gmii_to_rgmii_block/snkrddl_blk_0_gmii_to_rgmii_0_0_core/i_gmii_to_rgmii/i_gmii_to_rgmii/rgmii_rxc_0}] [get_cells -filter { PRIMITIVE_GROUP != I/O && IS_PRIMITIVE==1 && PRIMITIVE_LEVEL !=INTERNAL } -of_object [get_pins -filter {DIRECTION==IN} -of_objects [get_nets -hierarchical -filter {PARENT=="snkrddl_blk_0_i/gmii_to_rgmii_0/U0/i_gmii_to_rgmii_block/snkrddl_blk_0_gmii_to_rgmii_0_0_core/i_gmii_to_rgmii/i_gmii_to_rgmii/rgmii_rxc_0"}]]]
resize_pblock [get_pblocks {CLKAG_snkrddl_blk_0_i/gmii_to_rgmii_0/U0/i_gmii_to_rgmii_block/snkrddl_blk_0_gmii_to_rgmii_0_0_core/i_gmii_to_rgmii/i_gmii_to_rgmii/rgmii_rxc_0}] -add {CLOCKREGION_X0Y2:CLOCKREGION_X0Y2 CLOCKREGION_X1Y1:CLOCKREGION_X1Y1 CLOCKREGION_X1Y2:CLOCKREGION_X1Y2}
#endgroup

# Clock net "ETH1_CLK125_IBUF_BUFG" driven by instance "ETH1_CLK125_IBUF_BUFG_inst" located at site "BUFGCTRL_X0Y18"
#startgroup
create_pblock {CLKAG_ETH1_CLK125_IBUF_BUFG}
add_cells_to_pblock [get_pblocks  {CLKAG_ETH1_CLK125_IBUF_BUFG}] [get_cells -filter { PRIMITIVE_GROUP != I/O && IS_PRIMITIVE==1 && PRIMITIVE_LEVEL !=INTERNAL } -of_object [get_pins -filter {DIRECTION==IN} -of_objects [get_nets -hierarchical -filter {PARENT=="ETH1_CLK125_IBUF_BUFG"}]]]
resize_pblock [get_pblocks {CLKAG_ETH1_CLK125_IBUF_BUFG}] -add {CLOCKREGION_X0Y2:CLOCKREGION_X0Y2 CLOCKREGION_X1Y1:CLOCKREGION_X1Y1 CLOCKREGION_X1Y2:CLOCKREGION_X1Y2}
#endgroup

# Clock net "ETH0_CLK125_IBUF_BUFG" driven by instance "ETH0_CLK125_IBUF_BUFG_inst" located at site "BUFGCTRL_X0Y17"
#startgroup
create_pblock {CLKAG_ETH0_CLK125_IBUF_BUFG}
add_cells_to_pblock [get_pblocks  {CLKAG_ETH0_CLK125_IBUF_BUFG}] [get_cells -filter { PRIMITIVE_GROUP != I/O && IS_PRIMITIVE==1 && PRIMITIVE_LEVEL !=INTERNAL } -of_object [get_pins -filter {DIRECTION==IN} -of_objects [get_nets -hierarchical -filter {PARENT=="ETH0_CLK125_IBUF_BUFG"}]]]
resize_pblock [get_pblocks {CLKAG_ETH0_CLK125_IBUF_BUFG}] -add {CLOCKREGION_X0Y2:CLOCKREGION_X0Y2 CLOCKREGION_X1Y1:CLOCKREGION_X1Y1 CLOCKREGION_X1Y2:CLOCKREGION_X1Y2}
#endgroup
